<?xml version="1.0" encoding="UTF-8"?>
<!-- Generated by org.testng.reporters.JUnitReportReporter -->
<testsuite hostname="DESKTOP-G3P88A0" failures="0" tests="3" name="assignment.LambdaTest" time="7.596" errors="0" timestamp="2023-03-05T12:51:26 IST" skipped="0">
  <testcase classname="assignment.LambdaTest" name="function1Test" time="2.845"/>
  <system-out/>
  <testcase classname="assignment.LambdaTest" name="function2Test" time="2.274"/>
  <system-out/>
  <testcase classname="assignment.LambdaTest" name="function3Test" time="2.477"/>
  <system-out/>
</testsuite> <!-- assignment.LambdaTest -->
